0 info it worked if it ends with ok
1 verbose cli [ 'node', '/usr/local/bin/npm', 'install', 'swiperjs' ]
2 info using npm@1.4.28
3 info using node@v0.10.35
4 verbose readDependencies using package.json deps
5 verbose cache add [ 'swiperjs', null ]
6 verbose cache add name=undefined spec="swiperjs" args=["swiperjs",null]
7 verbose parsed url { protocol: null,
7 verbose parsed url   slashes: null,
7 verbose parsed url   auth: null,
7 verbose parsed url   host: null,
7 verbose parsed url   port: null,
7 verbose parsed url   hostname: null,
7 verbose parsed url   hash: null,
7 verbose parsed url   search: null,
7 verbose parsed url   query: null,
7 verbose parsed url   pathname: 'swiperjs',
7 verbose parsed url   path: 'swiperjs',
7 verbose parsed url   href: 'swiperjs' }
8 silly lockFile 8feccdd0-swiperjs swiperjs
9 verbose lock swiperjs /Users/fcage/.npm/8feccdd0-swiperjs.lock
10 silly lockFile 8feccdd0-swiperjs swiperjs
11 silly lockFile 8feccdd0-swiperjs swiperjs
12 verbose addNamed [ 'swiperjs', '' ]
13 verbose addNamed [ null, '*' ]
14 silly lockFile 55022f28-swiperjs swiperjs@
15 verbose lock swiperjs@ /Users/fcage/.npm/55022f28-swiperjs.lock
16 silly addNameRange { name: 'swiperjs', range: '*', hasData: false }
17 verbose request where is /swiperjs
18 verbose request registry https://registry.npmjs.org/
19 verbose request id 13104bc9e2b9f1f5
20 verbose url raw /swiperjs
21 verbose url resolving [ 'https://registry.npmjs.org/', './swiperjs' ]
22 verbose url resolved https://registry.npmjs.org/swiperjs
23 verbose request where is https://registry.npmjs.org/swiperjs
24 info trying registry request attempt 1 at 11:34:43
25 http GET https://registry.npmjs.org/swiperjs
26 http 404 https://registry.npmjs.org/swiperjs
27 silly registry.get cb [ 404,
27 silly registry.get   { 'content-type': 'application/json',
27 silly registry.get     'cache-control': 'max-age=0',
27 silly registry.get     'content-length': '2',
27 silly registry.get     'accept-ranges': 'bytes',
27 silly registry.get     date: 'Mon, 19 Oct 2015 10:34:44 GMT',
27 silly registry.get     via: '1.1 varnish',
27 silly registry.get     age: '0',
27 silly registry.get     connection: 'keep-alive',
27 silly registry.get     'x-served-by': 'cache-lhr6332-LHR',
27 silly registry.get     'x-cache': 'MISS',
27 silly registry.get     'x-cache-hits': '0',
27 silly registry.get     'x-timer': 'S1445250884.375267,VS0,VE156' } ]
28 silly lockFile 55022f28-swiperjs swiperjs@
29 silly lockFile 55022f28-swiperjs swiperjs@
30 error 404 Not Found
30 error 404
30 error 404 'swiperjs' is not in the npm registry.
30 error 404 You should bug the author to publish it
30 error 404 It was specified as a dependency of 'mekong'
30 error 404
30 error 404 Note that you can also install from a
30 error 404 tarball, folder, or http url, or git url.
31 error System Darwin 13.4.0
32 error command "node" "/usr/local/bin/npm" "install" "swiperjs"
33 error cwd /Users/fcage/projects/mekong
34 error node -v v0.10.35
35 error npm -v 1.4.28
36 error code E404
37 verbose exit [ 1, true ]
